<?xml version="1.0" encoding="UTF-8" ?>
<testsuite errors="0" skipped="0" tests="1" time="0.265" failures="0" name="org.seasar.cayenne.jpa.metadata.CayenneEntityDescTest">
  <properties>
[...]
</properties>
  <testcase time="2.625" name="testGetConnectionTx"/>
  <testcase time="0.422" name="testEntity"/>
  <testcase time="0.188" name="testNotEntity"/>
  <testcase time="0.266" name="testLookup"/>
  <testcase time="0.39" name="testFind"/>
  <testcase time="0.344" name="testUpdateTx"/>
  <testcase time="0.14" name="testLookup"/>
  <testcase time="0.266" name="testReadPersistenceXmlFile"/>
  <testcase time="0.156" name="testAddPersistenceClass"/>
  <testcase time="0.313" name="testPersistenceClassAutoDetection"/>
  <testcase time="0.25" name="testPersistenceClassAutoDetectionSubPackage"/>
  <testcase time="0.265" name="test"/>
</testsuite>